<?xml version="1.0" encoding="UTF-8"?>
<testng-results ignored="0" total="1" passed="1" failed="0" skipped="0">
  <reporter-output>
  </reporter-output>
  <suite started-at="2024-01-22T19:56:57 EST" name="Surefire suite" finished-at="2024-01-22T19:57:03 EST" duration-ms="5354">
    <groups>
    </groups>
    <test started-at="2024-01-22T19:56:57 EST" name="Surefire test" finished-at="2024-01-22T19:57:03 EST" duration-ms="5354">
      <class name="apiTesting.ApiTest">
        <test-method signature="exampleApiTest()[pri:0, instance:apiTesting.ApiTest@40005471]" started-at="2024-01-22T19:56:57 EST" name="exampleApiTest" finished-at="2024-01-22T19:57:03 EST" duration-ms="5274" status="PASS">
          <reporter-output>
          </reporter-output>
        </test-method> <!-- exampleApiTest -->
      </class> <!-- apiTesting.ApiTest -->
    </test> <!-- Surefire test -->
  </suite> <!-- Surefire suite -->
</testng-results>
